<?xml version="1.0" encoding="UTF-8"?>
<!-- Generated by org.testng.reporters.JUnitReportReporter -->
<testsuite hostname="DESKTOP-U78J2P8" failures="0" tests="1" name="com.digitalsignature.DigitalSignatureTest" time="0.001" errors="0" timestamp="2022-10-13T15:52:34 SGT" skipped="0">
  <testcase classname="com.digitalsignature.DigitalSignatureTest" name="f" time="0.001"/>
  <system-out/>
</testsuite> <!-- com.digitalsignature.DigitalSignatureTest -->
