<?xml version="1.0" encoding="UTF-8"?>
<!-- Generated by org.testng.reporters.JUnitReportReporter -->
<testsuite hostname="DESKTOP-U78J2P8" failures="0" tests="1" name="com.digitalsignature.LoginWebTest" time="3.562" errors="0" timestamp="2022-10-13T02:18:34 SGT" skipped="0">
  <testcase classname="com.digitalsignature.LoginWebTest" name="Login" time="3.562"/>
  <system-out/>
</testsuite> <!-- com.digitalsignature.LoginWebTest -->
